<?xml version="1.0" encoding="utf-8"?>
<coverage line-rate="0.9903" branch-rate="1" version="1.9" timestamp="1762038017" lines-covered="103" lines-valid="104" branches-covered="10" branches-valid="10">
  <sources>
    <source>C:\Users\Usuario\Documents\Fran\escuela\mauri\tp-ultimo\TarjetaSube\</source>
  </sources>
  <packages>
    <package name="TarjetaSube" line-rate="0.9903" branch-rate="1" complexity="35">
      <classes>
        <class name="TarjetaSube.Boleto" filename="Boleto.cs" line-rate="1" branch-rate="1" complexity="6">
          <methods>
            <method name="get_Monto" signature="()" line-rate="1" branch-rate="1" complexity="1">
              <lines>
                <line number="15" hits="147" branch="False" />
              </lines>
            </method>
            <method name="get_SaldoRestante" signature="()" line-rate="1" branch-rate="1" complexity="1">
              <lines>
                <line number="20" hits="27" branch="False" />
              </lines>
            </method>
            <method name="get_Linea" signature="()" line-rate="1" branch-rate="1" complexity="1">
              <lines>
                <line number="25" hits="78" branch="False" />
              </lines>
            </method>
            <method name="get_Fecha" signature="()" line-rate="1" branch-rate="1" complexity="1">
              <lines>
                <line number="30" hits="30" branch="False" />
              </lines>
            </method>
            <method name="get_TipoBoleto" signature="()" line-rate="1" branch-rate="1" complexity="1">
              <lines>
                <line number="35" hits="42" branch="False" />
              </lines>
            </method>
            <method name=".ctor" signature="(System.Decimal,System.Decimal,System.String,System.DateTime,System.String)" line-rate="1" branch-rate="1" complexity="1">
              <lines>
                <line number="38" hits="179" branch="False" />
                <line number="39" hits="179" branch="False" />
                <line number="40" hits="179" branch="False" />
                <line number="41" hits="179" branch="False" />
                <line number="42" hits="179" branch="False" />
                <line number="43" hits="179" branch="False" />
                <line number="44" hits="179" branch="False" />
                <line number="45" hits="179" branch="False" />
              </lines>
            </method>
          </methods>
          <lines>
            <line number="15" hits="147" branch="False" />
            <line number="20" hits="27" branch="False" />
            <line number="25" hits="78" branch="False" />
            <line number="30" hits="30" branch="False" />
            <line number="35" hits="42" branch="False" />
            <line number="38" hits="179" branch="False" />
            <line number="39" hits="179" branch="False" />
            <line number="40" hits="179" branch="False" />
            <line number="41" hits="179" branch="False" />
            <line number="42" hits="179" branch="False" />
            <line number="43" hits="179" branch="False" />
            <line number="44" hits="179" branch="False" />
            <line number="45" hits="179" branch="False" />
          </lines>
        </class>
        <class name="TarjetaSube.BoletoGratuito" filename="BoletoGratuito.cs" line-rate="1" branch-rate="1" complexity="4">
          <methods>
            <method name="ObtenerTarifa" signature="(System.Decimal)" line-rate="1" branch-rate="1" complexity="1">
              <lines>
                <line number="15" hits="31" branch="False" />
                <line number="16" hits="31" branch="False" />
                <line number="17" hits="31" branch="False" />
              </lines>
            </method>
            <method name="ObtenerTipoBoleto" signature="()" line-rate="1" branch-rate="1" complexity="1">
              <lines>
                <line number="20" hits="31" branch="False" />
                <line number="21" hits="31" branch="False" />
                <line number="22" hits="31" branch="False" />
              </lines>
            </method>
            <method name="DescontarSaldo" signature="(System.Decimal)" line-rate="1" branch-rate="1" complexity="1">
              <lines>
                <line number="25" hits="31" branch="False" />
                <line number="27" hits="31" branch="False" />
                <line number="28" hits="31" branch="False" />
              </lines>
            </method>
            <method name=".ctor" signature="()" line-rate="1" branch-rate="1" complexity="1">
              <lines>
                <line number="10" hits="22" branch="False" />
                <line number="11" hits="22" branch="False" />
                <line number="12" hits="22" branch="False" />
              </lines>
            </method>
          </methods>
          <lines>
            <line number="15" hits="31" branch="False" />
            <line number="16" hits="31" branch="False" />
            <line number="17" hits="31" branch="False" />
            <line number="20" hits="31" branch="False" />
            <line number="21" hits="31" branch="False" />
            <line number="22" hits="31" branch="False" />
            <line number="25" hits="31" branch="False" />
            <line number="27" hits="31" branch="False" />
            <line number="28" hits="31" branch="False" />
            <line number="10" hits="22" branch="False" />
            <line number="11" hits="22" branch="False" />
            <line number="12" hits="22" branch="False" />
          </lines>
        </class>
        <class name="TarjetaSube.Colectivo" filename="Colectivo.cs" line-rate="0.9565" branch-rate="1" complexity="7">
          <methods>
            <method name="get_Linea" signature="()" line-rate="1" branch-rate="1" complexity="1">
              <lines>
                <line number="12" hits="12" branch="False" />
              </lines>
            </method>
            <method name="PagarCon" signature="(TarjetaSube.Tarjeta)" line-rate="1" branch-rate="1" complexity="4">
              <lines>
                <line number="21" hits="180" branch="False" />
                <line number="22" hits="180" branch="True" condition-coverage="100% (2/2)">
                  <conditions>
                    <condition number="7" type="jump" coverage="100%" />
                  </conditions>
                </line>
                <line number="23" hits="3" branch="False" />
                <line number="24" hits="3" branch="False" />
                <line number="28" hits="177" branch="False" />
                <line number="31" hits="177" branch="True" condition-coverage="100% (2/2)">
                  <conditions>
                    <condition number="45" type="jump" coverage="100%" />
                  </conditions>
                </line>
                <line number="32" hits="7" branch="False" />
                <line number="33" hits="7" branch="False" />
                <line number="36" hits="170" branch="False" />
                <line number="37" hits="170" branch="False" />
                <line number="38" hits="170" branch="False" />
                <line number="39" hits="170" branch="False" />
                <line number="40" hits="170" branch="False" />
                <line number="41" hits="170" branch="False" />
                <line number="42" hits="170" branch="False" />
                <line number="44" hits="170" branch="False" />
                <line number="45" hits="180" branch="False" />
              </lines>
            </method>
            <method name=".ctor" signature="(System.String)" line-rate="1" branch-rate="1" complexity="1">
              <lines>
                <line number="15" hits="80" branch="False" />
                <line number="16" hits="80" branch="False" />
                <line number="17" hits="80" branch="False" />
                <line number="18" hits="80" branch="False" />
              </lines>
            </method>
            <method name=".cctor" signature="()" line-rate="0" branch-rate="1" complexity="1">
              <lines>
                <line number="7" hits="0" branch="False" />
              </lines>
            </method>
          </methods>
          <lines>
            <line number="12" hits="12" branch="False" />
            <line number="21" hits="180" branch="False" />
            <line number="22" hits="180" branch="True" condition-coverage="100% (2/2)">
              <conditions>
                <condition number="7" type="jump" coverage="100%" />
              </conditions>
            </line>
            <line number="23" hits="3" branch="False" />
            <line number="24" hits="3" branch="False" />
            <line number="28" hits="177" branch="False" />
            <line number="31" hits="177" branch="True" condition-coverage="100% (2/2)">
              <conditions>
                <condition number="45" type="jump" coverage="100%" />
              </conditions>
            </line>
            <line number="32" hits="7" branch="False" />
            <line number="33" hits="7" branch="False" />
            <line number="36" hits="170" branch="False" />
            <line number="37" hits="170" branch="False" />
            <line number="38" hits="170" branch="False" />
            <line number="39" hits="170" branch="False" />
            <line number="40" hits="170" branch="False" />
            <line number="41" hits="170" branch="False" />
            <line number="42" hits="170" branch="False" />
            <line number="44" hits="170" branch="False" />
            <line number="45" hits="180" branch="False" />
            <line number="15" hits="80" branch="False" />
            <line number="16" hits="80" branch="False" />
            <line number="17" hits="80" branch="False" />
            <line number="18" hits="80" branch="False" />
            <line number="7" hits="0" branch="False" />
          </lines>
        </class>
        <class name="TarjetaSube.FranquiciaCompleta" filename="FranquiciaCompleta.cs" line-rate="1" branch-rate="1" complexity="4">
          <methods>
            <method name="ObtenerTarifa" signature="(System.Decimal)" line-rate="1" branch-rate="1" complexity="1">
              <lines>
                <line number="17" hits="39" branch="False" />
                <line number="18" hits="39" branch="False" />
                <line number="19" hits="39" branch="False" />
              </lines>
            </method>
            <method name="ObtenerTipoBoleto" signature="()" line-rate="1" branch-rate="1" complexity="1">
              <lines>
                <line number="22" hits="39" branch="False" />
                <line number="23" hits="39" branch="False" />
                <line number="24" hits="39" branch="False" />
              </lines>
            </method>
            <method name="DescontarSaldo" signature="(System.Decimal)" line-rate="1" branch-rate="1" complexity="1">
              <lines>
                <line number="27" hits="39" branch="False" />
                <line number="29" hits="39" branch="False" />
                <line number="30" hits="39" branch="False" />
              </lines>
            </method>
            <method name=".ctor" signature="()" line-rate="1" branch-rate="1" complexity="1">
              <lines>
                <line number="12" hits="23" branch="False" />
                <line number="13" hits="23" branch="False" />
                <line number="14" hits="23" branch="False" />
              </lines>
            </method>
          </methods>
          <lines>
            <line number="17" hits="39" branch="False" />
            <line number="18" hits="39" branch="False" />
            <line number="19" hits="39" branch="False" />
            <line number="22" hits="39" branch="False" />
            <line number="23" hits="39" branch="False" />
            <line number="24" hits="39" branch="False" />
            <line number="27" hits="39" branch="False" />
            <line number="29" hits="39" branch="False" />
            <line number="30" hits="39" branch="False" />
            <line number="12" hits="23" branch="False" />
            <line number="13" hits="23" branch="False" />
            <line number="14" hits="23" branch="False" />
          </lines>
        </class>
        <class name="TarjetaSube.MedioBoleto" filename="MedioBoleto.cs" line-rate="1" branch-rate="1" complexity="3">
          <methods>
            <method name="ObtenerTarifa" signature="(System.Decimal)" line-rate="1" branch-rate="1" complexity="1">
              <lines>
                <line number="17" hits="46" branch="False" />
                <line number="18" hits="46" branch="False" />
                <line number="19" hits="46" branch="False" />
              </lines>
            </method>
            <method name="ObtenerTipoBoleto" signature="()" line-rate="1" branch-rate="1" complexity="1">
              <lines>
                <line number="22" hits="45" branch="False" />
                <line number="23" hits="45" branch="False" />
                <line number="24" hits="45" branch="False" />
              </lines>
            </method>
            <method name=".ctor" signature="()" line-rate="1" branch-rate="1" complexity="1">
              <lines>
                <line number="12" hits="27" branch="False" />
                <line number="13" hits="27" branch="False" />
                <line number="14" hits="27" branch="False" />
              </lines>
            </method>
          </methods>
          <lines>
            <line number="17" hits="46" branch="False" />
            <line number="18" hits="46" branch="False" />
            <line number="19" hits="46" branch="False" />
            <line number="22" hits="45" branch="False" />
            <line number="23" hits="45" branch="False" />
            <line number="24" hits="45" branch="False" />
            <line number="12" hits="27" branch="False" />
            <line number="13" hits="27" branch="False" />
            <line number="14" hits="27" branch="False" />
          </lines>
        </class>
        <class name="TarjetaSube.Tarjeta" filename="Tarjeta.cs" line-rate="1" branch-rate="1" complexity="11">
          <methods>
            <method name="get_Saldo" signature="()" line-rate="1" branch-rate="1" complexity="1">
              <lines>
                <line number="18" hits="999" branch="False" />
              </lines>
            </method>
            <method name="Cargar" signature="(System.Decimal)" line-rate="1" branch-rate="1" complexity="4">
              <lines>
                <line number="27" hits="165" branch="False" />
                <line number="28" hits="165" branch="True" condition-coverage="100% (2/2)">
                  <conditions>
                    <condition number="17" type="jump" coverage="100%" />
                  </conditions>
                </line>
                <line number="29" hits="9" branch="False" />
                <line number="30" hits="9" branch="False" />
                <line number="33" hits="156" branch="False" />
                <line number="35" hits="156" branch="True" condition-coverage="100% (2/2)">
                  <conditions>
                    <condition number="55" type="jump" coverage="100%" />
                  </conditions>
                </line>
                <line number="36" hits="6" branch="False" />
                <line number="37" hits="6" branch="False" />
                <line number="40" hits="150" branch="False" />
                <line number="41" hits="150" branch="False" />
                <line number="42" hits="165" branch="False" />
              </lines>
            </method>
            <method name="DescontarSaldo" signature="(System.Decimal)" line-rate="1" branch-rate="1" complexity="2">
              <lines>
                <line number="45" hits="135" branch="False" />
                <line number="46" hits="135" branch="True" condition-coverage="100% (2/2)">
                  <conditions>
                    <condition number="30" type="jump" coverage="100%" />
                  </conditions>
                </line>
                <line number="47" hits="10" branch="False" />
                <line number="48" hits="10" branch="False" />
                <line number="51" hits="125" branch="False" />
                <line number="52" hits="125" branch="False" />
                <line number="53" hits="135" branch="False" />
              </lines>
            </method>
            <method name="ObtenerTarifa" signature="(System.Decimal)" line-rate="1" branch-rate="1" complexity="1">
              <lines>
                <line number="56" hits="69" branch="False" />
                <line number="57" hits="69" branch="False" />
                <line number="58" hits="69" branch="False" />
              </lines>
            </method>
            <method name="ObtenerTipoBoleto" signature="()" line-rate="1" branch-rate="1" complexity="1">
              <lines>
                <line number="61" hits="63" branch="False" />
                <line number="62" hits="63" branch="False" />
                <line number="63" hits="63" branch="False" />
              </lines>
            </method>
            <method name=".ctor" signature="()" line-rate="1" branch-rate="1" complexity="1">
              <lines>
                <line number="21" hits="172" branch="False" />
                <line number="22" hits="172" branch="False" />
                <line number="23" hits="172" branch="False" />
                <line number="24" hits="172" branch="False" />
              </lines>
            </method>
            <method name=".cctor" signature="()" line-rate="1" branch-rate="1" complexity="1">
              <lines>
                <line number="9" hits="1" branch="False" />
                <line number="10" hits="1" branch="False" />
                <line number="11" hits="1" branch="False" />
                <line number="12" hits="1" branch="False" />
                <line number="13" hits="1" branch="False" />
                <line number="14" hits="1" branch="False" />
              </lines>
            </method>
          </methods>
          <lines>
            <line number="18" hits="999" branch="False" />
            <line number="27" hits="165" branch="False" />
            <line number="28" hits="165" branch="True" condition-coverage="100% (2/2)">
              <conditions>
                <condition number="17" type="jump" coverage="100%" />
              </conditions>
            </line>
            <line number="29" hits="9" branch="False" />
            <line number="30" hits="9" branch="False" />
            <line number="33" hits="156" branch="False" />
            <line number="35" hits="156" branch="True" condition-coverage="100% (2/2)">
              <conditions>
                <condition number="55" type="jump" coverage="100%" />
              </conditions>
            </line>
            <line number="36" hits="6" branch="False" />
            <line number="37" hits="6" branch="False" />
            <line number="40" hits="150" branch="False" />
            <line number="41" hits="150" branch="False" />
            <line number="42" hits="165" branch="False" />
            <line number="45" hits="135" branch="False" />
            <line number="46" hits="135" branch="True" condition-coverage="100% (2/2)">
              <conditions>
                <condition number="30" type="jump" coverage="100%" />
              </conditions>
            </line>
            <line number="47" hits="10" branch="False" />
            <line number="48" hits="10" branch="False" />
            <line number="51" hits="125" branch="False" />
            <line number="52" hits="125" branch="False" />
            <line number="53" hits="135" branch="False" />
            <line number="56" hits="69" branch="False" />
            <line number="57" hits="69" branch="False" />
            <line number="58" hits="69" branch="False" />
            <line number="61" hits="63" branch="False" />
            <line number="62" hits="63" branch="False" />
            <line number="63" hits="63" branch="False" />
            <line number="21" hits="172" branch="False" />
            <line number="22" hits="172" branch="False" />
            <line number="23" hits="172" branch="False" />
            <line number="24" hits="172" branch="False" />
            <line number="9" hits="1" branch="False" />
            <line number="10" hits="1" branch="False" />
            <line number="11" hits="1" branch="False" />
            <line number="12" hits="1" branch="False" />
            <line number="13" hits="1" branch="False" />
            <line number="14" hits="1" branch="False" />
          </lines>
        </class>
      </classes>
    </package>
  </packages>
</coverage>